[2025-05-19 06:53:43] Processing 100 player codes
[2025-05-19 06:53:43] Processing letter code: Aa (ID: 1) - Attempt 1
[2025-05-19 06:53:45] Error processing letter Aa: name 'time' is not defined
[2025-05-19 06:53:45] Error in load_player: name 'time' is not defined
[2025-05-19 06:57:15] Processing 100 player codes
[2025-05-19 06:57:15] Processing letter code: Aa (ID: 1) - Attempt 1
[2025-05-19 06:57:20] Found 83 players for letter code Aa
[2025-05-19 06:57:20] Updated status for letter Aa (ID: 1)
[2025-05-19 06:57:20] Processing letter code: Ab (ID: 2) - Attempt 1
[2025-05-19 06:57:42] Found 1119 players for letter code Ab
[2025-05-19 06:57:42] Updated status for letter Ab (ID: 2)
[2025-05-19 06:57:42] Processing letter code: Ac (ID: 3) - Attempt 1
[2025-05-19 06:57:50] Found 334 players for letter code Ac
[2025-05-19 06:57:50] Updated status for letter Ac (ID: 3)
[2025-05-19 06:57:50] Processing letter code: Ad (ID: 4) - Attempt 1
[2025-05-19 06:58:05] Found 685 players for letter code Ad
[2025-05-19 06:58:05] Updated status for letter Ad (ID: 4)
[2025-05-19 06:58:05] Processing letter code: Af (ID: 5) - Attempt 1
[2025-05-19 06:58:10] Found 115 players for letter code Af
[2025-05-19 06:58:10] Updated status for letter Af (ID: 5)
[2025-05-19 06:58:10] Processing letter code: Ag (ID: 6) - Attempt 1
[2025-05-19 06:58:23] Found 576 players for letter code Ag
[2025-05-19 06:58:23] Updated status for letter Ag (ID: 6)
[2025-05-19 06:58:23] Processing letter code: Ah (ID: 7) - Attempt 1
[2025-05-19 06:58:31] Found 304 players for letter code Ah
[2025-05-19 06:58:31] Updated status for letter Ah (ID: 7)
[2025-05-19 06:58:31] Processing letter code: Ai (ID: 8) - Attempt 1
[2025-05-19 06:58:38] Found 183 players for letter code Ai
[2025-05-19 06:58:38] Updated status for letter Ai (ID: 8)
[2025-05-19 06:58:38] Processing letter code: Aj (ID: 9) - Attempt 1
[2025-05-19 06:58:43] Found 91 players for letter code Aj
[2025-05-19 06:58:43] Updated status for letter Aj (ID: 9)
[2025-05-19 06:58:43] Processing letter code: Ak (ID: 10) - Attempt 1
[2025-05-19 06:58:54] Found 477 players for letter code Ak
[2025-05-19 06:58:54] Updated status for letter Ak (ID: 10)
[2025-05-19 06:58:54] Processing letter code: Am (ID: 11) - Attempt 1
[2025-05-19 06:59:10] Found 793 players for letter code Am
[2025-05-19 06:59:10] Updated status for letter Am (ID: 11)
[2025-05-19 06:59:10] Processing letter code: An (ID: 12) - Attempt 1
[2025-05-19 06:59:45] Found 1954 players for letter code An
[2025-05-19 06:59:45] Updated status for letter An (ID: 12)
[2025-05-19 06:59:45] Processing letter code: Ao (ID: 13) - Attempt 1
[2025-05-19 06:59:51] Found 56 players for letter code Ao
[2025-05-19 06:59:51] Updated status for letter Ao (ID: 13)
[2025-05-19 06:59:51] Processing letter code: Ap (ID: 14) - Attempt 1
[2025-05-19 06:59:58] Found 159 players for letter code Ap
[2025-05-19 06:59:58] Updated status for letter Ap (ID: 14)
[2025-05-19 06:59:58] Processing letter code: Aq (ID: 15) - Attempt 1
[2025-05-19 07:00:02] Found 53 players for letter code Aq
[2025-05-19 07:00:02] Updated status for letter Aq (ID: 15)
[2025-05-19 07:00:02] Processing letter code: Ar (ID: 16) - Attempt 1
[2025-05-19 07:00:32] Found 1612 players for letter code Ar
[2025-05-19 07:00:32] Updated status for letter Ar (ID: 16)
[2025-05-19 07:00:32] Processing letter code: As (ID: 17) - Attempt 1
[2025-05-19 07:00:46] Found 641 players for letter code As
[2025-05-19 07:00:46] Updated status for letter As (ID: 17)
[2025-05-19 07:00:46] Processing letter code: At (ID: 18) - Attempt 1
[2025-05-19 07:00:55] Found 319 players for letter code At
[2025-05-19 07:00:55] Updated status for letter At (ID: 18)
[2025-05-19 07:00:55] Processing letter code: Au (ID: 19) - Attempt 1
[2025-05-19 07:01:03] Found 293 players for letter code Au
[2025-05-19 07:01:03] Updated status for letter Au (ID: 19)
[2025-05-19 07:01:03] Processing letter code: Aw (ID: 20) - Attempt 1
[2025-05-19 07:01:08] Found 90 players for letter code Aw
[2025-05-19 07:01:08] Updated status for letter Aw (ID: 20)
[2025-05-19 07:01:08] Processing letter code: Ax (ID: 21) - Attempt 1
[2025-05-19 07:01:12] Found 30 players for letter code Ax
[2025-05-19 07:01:12] Updated status for letter Ax (ID: 21)
[2025-05-19 07:01:12] Processing letter code: Ay (ID: 22) - Attempt 1
[2025-05-19 07:01:21] Found 321 players for letter code Ay
[2025-05-19 07:01:21] Updated status for letter Ay (ID: 22)
[2025-05-19 07:01:21] Processing letter code: Az (ID: 23) - Attempt 1
[2025-05-19 07:01:29] Found 243 players for letter code Az
[2025-05-19 07:01:29] Updated status for letter Az (ID: 23)
[2025-05-19 07:01:29] Processing letter code: Ba (ID: 24) - Attempt 1
[2025-05-19 07:02:52] Found 4846 players for letter code Ba
[2025-05-19 07:02:52] Updated status for letter Ba (ID: 24)
[2025-05-19 07:02:52] Processing letter code: Bb (ID: 25) - Attempt 1
[2025-05-19 07:02:56] Found 2 players for letter code Bb
[2025-05-19 07:02:56] Updated status for letter Bb (ID: 25)
[2025-05-19 07:02:56] Processing letter code: Be (ID: 26) - Attempt 1
[2025-05-19 07:03:56] Found 3518 players for letter code Be
[2025-05-19 07:03:56] Updated status for letter Be (ID: 26)
[2025-05-19 07:03:56] Processing letter code: Bg (ID: 27) - Attempt 1
[2025-05-19 07:04:00] Found 1 players for letter code Bg
[2025-05-19 07:04:00] Updated status for letter Bg (ID: 27)
[2025-05-19 07:04:00] Processing letter code: Bh (ID: 28) - Attempt 1
[2025-05-19 07:04:04] Found 40 players for letter code Bh
[2025-05-19 07:04:04] Updated status for letter Bh (ID: 28)
[2025-05-19 07:04:04] Processing letter code: Bi (ID: 29) - Attempt 1
[2025-05-19 07:04:25] Found 1033 players for letter code Bi
[2025-05-19 07:04:25] Updated status for letter Bi (ID: 29)
[2025-05-19 07:04:25] Processing letter code: Bj (ID: 30) - Attempt 1
[2025-05-19 07:04:31] Found 145 players for letter code Bj
[2025-05-19 07:04:31] Updated status for letter Bj (ID: 30)
[2025-05-19 07:04:31] Processing letter code: Bk (ID: 31) - Attempt 1
[2025-05-19 07:04:35] Found 2 players for letter code Bk
[2025-05-19 07:04:35] Updated status for letter Bk (ID: 31)
[2025-05-19 07:04:35] Processing letter code: Bl (ID: 32) - Attempt 1
[2025-05-19 07:04:49] Found 576 players for letter code Bl
[2025-05-19 07:04:49] Updated status for letter Bl (ID: 32)
[2025-05-19 07:04:49] Processing letter code: Bn (ID: 33) - Attempt 1
[2025-05-19 07:04:53] Found 2 players for letter code Bn
[2025-05-19 07:04:53] Updated status for letter Bn (ID: 33)
[2025-05-19 07:04:53] Processing letter code: Bo (ID: 34) - Attempt 1
[2025-05-19 07:05:48] Found 3158 players for letter code Bo
[2025-05-19 07:05:48] Updated status for letter Bo (ID: 34)
[2025-05-19 07:05:48] Processing letter code: Br (ID: 35) - Attempt 1
[2025-05-19 07:06:26] Found 2179 players for letter code Br
[2025-05-19 07:06:26] Updated status for letter Br (ID: 35)
[2025-05-19 07:06:26] Processing letter code: Bs (ID: 36) - Attempt 1
[2025-05-19 07:06:30] Found 2 players for letter code Bs
[2025-05-19 07:06:30] Updated status for letter Bs (ID: 36)
[2025-05-19 07:06:30] Processing letter code: Bt (ID: 37) - Attempt 1
[2025-05-19 07:06:35] Found 2 players for letter code Bt
[2025-05-19 07:06:35] Updated status for letter Bt (ID: 37)
[2025-05-19 07:06:35] Processing letter code: Bv (ID: 38) - Attempt 1
[2025-05-19 07:06:38] Found 1 players for letter code Bv
[2025-05-19 07:06:38] Updated status for letter Bv (ID: 38)
[2025-05-19 07:06:38] Processing letter code: Bw (ID: 39) - Attempt 1
[2025-05-19 07:06:43] Found 11 players for letter code Bw
[2025-05-19 07:06:43] Updated status for letter Bw (ID: 39)
[2025-05-19 07:06:43] Processing letter code: By (ID: 40) - Attempt 1
[2025-05-19 07:06:48] Found 142 players for letter code By
[2025-05-19 07:06:48] Updated status for letter By (ID: 40)
[2025-05-19 07:06:48] Processing letter code: Bz (ID: 41) - Attempt 1
[2025-05-19 07:06:52] Found 4 players for letter code Bz
[2025-05-19 07:06:52] Updated status for letter Bz (ID: 41)
[2025-05-19 07:06:52] Processing letter code: Cc (ID: 42) - Attempt 1
[2025-05-19 07:06:56] Found 2 players for letter code Cc
[2025-05-19 07:06:56] Updated status for letter Cc (ID: 42)
[2025-05-19 07:06:56] Processing letter code: Cd (ID: 43) - Attempt 1
[2025-05-19 07:07:00] Found 1 players for letter code Cd
[2025-05-19 07:07:00] Updated status for letter Cd (ID: 43)
[2025-05-19 07:07:00] Processing letter code: Ce (ID: 44) - Attempt 1
[2025-05-19 07:07:16] Found 806 players for letter code Ce
[2025-05-19 07:07:16] Updated status for letter Ce (ID: 44)
[2025-05-19 07:07:16] Processing letter code: Ch (ID: 45) - Attempt 1
[2025-05-19 07:08:02] Found 2572 players for letter code Ch
[2025-05-19 07:08:02] Updated status for letter Ch (ID: 45)
[2025-05-19 07:08:02] Processing letter code: Ci (ID: 46) - Attempt 1
[2025-05-19 07:08:17] Found 592 players for letter code Ci
[2025-05-19 07:08:17] Updated status for letter Ci (ID: 46)
[2025-05-19 07:08:17] Processing letter code: Cl (ID: 47) - Attempt 1
[2025-05-19 07:08:29] Found 519 players for letter code Cl
[2025-05-19 07:08:29] Updated status for letter Cl (ID: 47)
[2025-05-19 07:08:29] Processing letter code: Cm (ID: 48) - Attempt 1
[2025-05-19 07:08:33] Found 5 players for letter code Cm
[2025-05-19 07:08:33] Updated status for letter Cm (ID: 48)
[2025-05-19 07:08:33] Processing letter code: Cn (ID: 49) - Attempt 1
[2025-05-19 07:08:37] Found 1 players for letter code Cn
[2025-05-19 07:08:37] Updated status for letter Cn (ID: 49)
[2025-05-19 07:08:37] Processing letter code: Co (ID: 50) - Attempt 1
[2025-05-19 07:09:28] Found 2895 players for letter code Co
[2025-05-19 07:09:28] Updated status for letter Co (ID: 50)
[2025-05-19 07:09:28] Processing letter code: Cr (ID: 51) - Attempt 1
[2025-05-19 07:09:44] Found 657 players for letter code Cr
[2025-05-19 07:09:44] Updated status for letter Cr (ID: 51)
[2025-05-19 07:09:44] Processing letter code: Cs (ID: 52) - Attempt 1
[2025-05-19 07:09:48] Found 66 players for letter code Cs
[2025-05-19 07:09:48] Updated status for letter Cs (ID: 52)
[2025-05-19 07:09:48] Processing letter code: Cv (ID: 53) - Attempt 1
[2025-05-19 07:09:53] Found 41 players for letter code Cv
[2025-05-19 07:09:53] Updated status for letter Cv (ID: 53)
[2025-05-19 07:09:53] Processing letter code: Cw (ID: 54) - Attempt 1
[2025-05-19 07:09:57] Found 2 players for letter code Cw
[2025-05-19 07:09:57] Updated status for letter Cw (ID: 54)
[2025-05-19 07:09:57] Processing letter code: Cy (ID: 55) - Attempt 1
[2025-05-19 07:10:01] Found 32 players for letter code Cy
[2025-05-19 07:10:01] Updated status for letter Cy (ID: 55)
[2025-05-19 07:10:01] Processing letter code: Cz (ID: 56) - Attempt 1
[2025-05-19 07:10:06] Found 54 players for letter code Cz
[2025-05-19 07:10:06] Updated status for letter Cz (ID: 56)
[2025-05-19 07:10:06] Processing letter code: Da (ID: 57) - Attempt 1
[2025-05-19 07:10:47] Found 2229 players for letter code Da
[2025-05-19 07:10:47] Updated status for letter Da (ID: 57)
[2025-05-19 07:10:47] Processing letter code: Db (ID: 58) - Attempt 1
[2025-05-19 07:10:51] Found 1 players for letter code Db
[2025-05-19 07:10:51] Updated status for letter Db (ID: 58)
[2025-05-19 07:10:51] Processing letter code: Dc (ID: 59) - Attempt 1
[2025-05-19 07:10:55] Found 5 players for letter code Dc
[2025-05-19 07:10:55] Updated status for letter Dc (ID: 59)
[2025-05-19 07:10:55] Processing letter code: De (ID: 60) - Attempt 1
[2025-05-19 07:11:44] Found 2802 players for letter code De
[2025-05-19 07:11:44] Updated status for letter De (ID: 60)
[2025-05-19 07:11:44] Processing letter code: Dg (ID: 61) - Attempt 1
[2025-05-19 07:11:49] Found 4 players for letter code Dg
[2025-05-19 07:11:49] Updated status for letter Dg (ID: 61)
[2025-05-19 07:11:49] Processing letter code: Dh (ID: 62) - Attempt 1
[2025-05-19 07:11:54] Found 71 players for letter code Dh
[2025-05-19 07:11:54] Updated status for letter Dh (ID: 62)
[2025-05-19 07:11:54] Processing letter code: Di (ID: 63) - Attempt 1
[2025-05-19 07:12:33] Found 2110 players for letter code Di
[2025-05-19 07:12:33] Updated status for letter Di (ID: 63)
[2025-05-19 07:12:33] Processing letter code: Dj (ID: 64) - Attempt 1
[2025-05-19 07:12:41] Found 221 players for letter code Dj
[2025-05-19 07:12:41] Updated status for letter Dj (ID: 64)
[2025-05-19 07:12:41] Processing letter code: Dk (ID: 65) - Attempt 1
[2025-05-19 07:12:45] Found 2 players for letter code Dk
[2025-05-19 07:12:45] Updated status for letter Dk (ID: 65)
[2025-05-19 07:12:45] Processing letter code: Dl (ID: 66) - Attempt 1
[2025-05-19 07:12:49] Found 51 players for letter code Dl
[2025-05-19 07:12:49] Updated status for letter Dl (ID: 66)
[2025-05-19 07:12:49] Processing letter code: Dm (ID: 67) - Attempt 1
[2025-05-19 07:12:53] Found 15 players for letter code Dm
[2025-05-19 07:12:53] Updated status for letter Dm (ID: 67)
[2025-05-19 07:12:53] Processing letter code: Do (ID: 68) - Attempt 1
[2025-05-19 07:13:25] Found 1576 players for letter code Do
[2025-05-19 07:13:25] Updated status for letter Do (ID: 68)
[2025-05-19 07:13:25] Processing letter code: Dr (ID: 69) - Attempt 1
[2025-05-19 07:13:36] Found 417 players for letter code Dr
[2025-05-19 07:13:36] Updated status for letter Dr (ID: 69)
[2025-05-19 07:13:36] Processing letter code: Ds (ID: 70) - Attempt 1
[2025-05-19 07:13:41] Found 7 players for letter code Ds
[2025-05-19 07:13:41] Updated status for letter Ds (ID: 70)
[2025-05-19 07:13:41] Processing letter code: Du (ID: 71) - Attempt 1
[2025-05-19 07:14:02] Found 1115 players for letter code Du
[2025-05-19 07:14:02] Updated status for letter Du (ID: 71)
[2025-05-19 07:14:02] Processing letter code: Dv (ID: 72) - Attempt 1
[2025-05-19 07:14:06] Found 19 players for letter code Dv
[2025-05-19 07:14:06] Updated status for letter Dv (ID: 72)
[2025-05-19 07:14:06] Processing letter code: Dw (ID: 73) - Attempt 1
[2025-05-19 07:14:11] Found 23 players for letter code Dw
[2025-05-19 07:14:11] Updated status for letter Dw (ID: 73)
[2025-05-19 07:14:11] Processing letter code: Dy (ID: 74) - Attempt 1
[2025-05-19 07:14:16] Found 103 players for letter code Dy
[2025-05-19 07:14:16] Updated status for letter Dy (ID: 74)
[2025-05-19 07:14:16] Processing letter code: Ea (ID: 75) - Attempt 1
[2025-05-19 07:14:21] Found 65 players for letter code Ea
[2025-05-19 07:14:21] Updated status for letter Ea (ID: 75)
[2025-05-19 07:14:21] Processing letter code: Eb (ID: 76) - Attempt 1
[2025-05-19 07:14:26] Found 130 players for letter code Eb
[2025-05-19 07:14:26] Updated status for letter Eb (ID: 76)
[2025-05-19 07:14:26] Processing letter code: Ec (ID: 77) - Attempt 1
[2025-05-19 07:14:32] Found 106 players for letter code Ec
[2025-05-19 07:14:32] Updated status for letter Ec (ID: 77)
[2025-05-19 07:14:32] Processing letter code: Ed (ID: 78) - Attempt 1
[2025-05-19 07:14:42] Found 384 players for letter code Ed
[2025-05-19 07:14:42] Updated status for letter Ed (ID: 78)
[2025-05-19 07:14:42] Processing letter code: Ee (ID: 79) - Attempt 1
[2025-05-19 07:14:47] Found 10 players for letter code Ee
[2025-05-19 07:14:47] Updated status for letter Ee (ID: 79)
[2025-05-19 07:14:47] Processing letter code: Ef (ID: 80) - Attempt 1
[2025-05-19 07:14:51] Found 41 players for letter code Ef
[2025-05-19 07:14:51] Updated status for letter Ef (ID: 80)
[2025-05-19 07:14:51] Processing letter code: Eg (ID: 81) - Attempt 1
[2025-05-19 07:14:57] Found 129 players for letter code Eg
[2025-05-19 07:14:57] Updated status for letter Eg (ID: 81)
[2025-05-19 07:14:57] Processing letter code: Eh (ID: 82) - Attempt 1
[2025-05-19 07:15:02] Found 45 players for letter code Eh
[2025-05-19 07:15:02] Updated status for letter Eh (ID: 82)
[2025-05-19 07:15:02] Processing letter code: Ei (ID: 83) - Attempt 1
[2025-05-19 07:15:08] Found 158 players for letter code Ei
[2025-05-19 07:15:08] Updated status for letter Ei (ID: 83)
[2025-05-19 07:15:08] Processing letter code: Ej (ID: 84) - Attempt 1
[2025-05-19 07:15:12] Found 22 players for letter code Ej
[2025-05-19 07:15:12] Updated status for letter Ej (ID: 84)
[2025-05-19 07:15:12] Processing letter code: Ek (ID: 85) - Attempt 1
[2025-05-19 07:15:18] Found 135 players for letter code Ek
[2025-05-19 07:15:18] Updated status for letter Ek (ID: 85)
[2025-05-19 07:15:18] Processing letter code: El (ID: 86) - Attempt 1
[2025-05-19 07:15:31] Found 526 players for letter code El
[2025-05-19 07:15:31] Updated status for letter El (ID: 86)
[2025-05-19 07:15:31] Processing letter code: Em (ID: 87) - Attempt 1
[2025-05-19 07:15:38] Found 225 players for letter code Em
[2025-05-19 07:15:38] Updated status for letter Em (ID: 87)
[2025-05-19 07:15:38] Processing letter code: En (ID: 88) - Attempt 1
[2025-05-19 07:15:48] Found 401 players for letter code En
[2025-05-19 07:15:48] Updated status for letter En (ID: 88)
[2025-05-19 07:15:48] Processing letter code: Ep (ID: 89) - Attempt 1
[2025-05-19 07:15:52] Found 31 players for letter code Ep
[2025-05-19 07:15:52] Updated status for letter Ep (ID: 89)
[2025-05-19 07:15:52] Processing letter code: Eq (ID: 90) - Attempt 1
[2025-05-19 07:15:56] Found 2 players for letter code Eq
[2025-05-19 07:15:56] Updated status for letter Eq (ID: 90)
[2025-05-19 07:15:56] Processing letter code: Er (ID: 91) - Attempt 1
[2025-05-19 07:16:07] Found 486 players for letter code Er
[2025-05-19 07:16:07] Updated status for letter Er (ID: 91)
[2025-05-19 07:16:07] Processing letter code: Es (ID: 92) - Attempt 1
[2025-05-19 07:16:23] Found 727 players for letter code Es
[2025-05-19 07:16:23] Updated status for letter Es (ID: 92)
[2025-05-19 07:16:23] Processing letter code: Et (ID: 93) - Attempt 1
[2025-05-19 07:16:28] Found 134 players for letter code Et
[2025-05-19 07:16:28] Updated status for letter Et (ID: 93)
[2025-05-19 07:16:28] Processing letter code: Eu (ID: 94) - Attempt 1
[2025-05-19 07:16:33] Found 68 players for letter code Eu
[2025-05-19 07:16:33] Updated status for letter Eu (ID: 94)
[2025-05-19 07:16:33] Processing letter code: Ev (ID: 95) - Attempt 1
[2025-05-19 07:16:40] Found 213 players for letter code Ev
[2025-05-19 07:16:40] Updated status for letter Ev (ID: 95)
[2025-05-19 07:16:40] Processing letter code: Ew (ID: 96) - Attempt 1
[2025-05-19 07:16:44] Found 28 players for letter code Ew
[2025-05-19 07:16:44] Updated status for letter Ew (ID: 96)
[2025-05-19 07:16:44] Processing letter code: Ex (ID: 97) - Attempt 1
[2025-05-19 07:16:48] Found 13 players for letter code Ex
[2025-05-19 07:16:48] Updated status for letter Ex (ID: 97)
[2025-05-19 07:16:48] Processing letter code: Ey (ID: 98) - Attempt 1
[2025-05-19 07:16:52] Found 38 players for letter code Ey
[2025-05-19 07:16:52] Updated status for letter Ey (ID: 98)
[2025-05-19 07:16:52] Processing letter code: Ez (ID: 99) - Attempt 1
[2025-05-19 07:16:57] Found 77 players for letter code Ez
[2025-05-19 07:16:57] Updated status for letter Ez (ID: 99)
[2025-05-19 07:16:57] Processing letter code: Fa (ID: 100) - Attempt 1
[2025-05-19 07:17:21] Found 1325 players for letter code Fa
[2025-05-19 07:17:21] Updated status for letter Fa (ID: 100)
[2025-05-19 07:17:21] Successfully saved 50730 players to database
[2025-05-19 07:17:21] load_player executed successfully
[2025-05-19 08:17:05] Processing 100 player codes
[2025-05-19 08:17:05] Processing letter code: Fd (ID: 101) - Attempt 1
[2025-05-19 08:17:10] Found 1 players for letter code Fd
[2025-05-19 08:17:10] Updated status for letter Fd (ID: 101)
[2025-05-19 08:17:10] Processing letter code: Fe (ID: 102) - Attempt 1
[2025-05-19 08:17:42] Found 1599 players for letter code Fe
[2025-05-19 08:17:42] Updated status for letter Fe (ID: 102)
[2025-05-19 08:17:42] Processing letter code: Fi (ID: 103) - Attempt 1
[2025-05-19 08:17:57] Found 778 players for letter code Fi
[2025-05-19 08:17:57] Updated status for letter Fi (ID: 103)
[2025-05-19 08:17:57] Processing letter code: Fj (ID: 104) - Attempt 1
[2025-05-19 08:18:01] Found 17 players for letter code Fj
[2025-05-19 08:18:01] Updated status for letter Fj (ID: 104)
[2025-05-19 08:18:01] Processing letter code: Fl (ID: 105) - Attempt 1
[2025-05-19 08:18:13] Found 520 players for letter code Fl
[2025-05-19 08:18:13] Updated status for letter Fl (ID: 105)
[2025-05-19 08:18:13] Processing letter code: Fo (ID: 106) - Attempt 1
[2025-05-19 08:18:31] Found 903 players for letter code Fo
[2025-05-19 08:18:31] Updated status for letter Fo (ID: 106)
[2025-05-19 08:18:31] Processing letter code: Fr (ID: 107) - Attempt 1
[2025-05-19 08:18:53] Found 1184 players for letter code Fr
[2025-05-19 08:18:53] Updated status for letter Fr (ID: 107)
[2025-05-19 08:18:53] Processing letter code: Ft (ID: 108) - Attempt 1
[2025-05-19 08:18:56] Found 2 players for letter code Ft
[2025-05-19 08:18:56] Updated status for letter Ft (ID: 108)
[2025-05-19 08:18:56] Processing letter code: Fu (ID: 109) - Attempt 1
[2025-05-19 08:19:09] Found 536 players for letter code Fu
[2025-05-19 08:19:09] Updated status for letter Fu (ID: 109)
[2025-05-19 08:19:09] Processing letter code: Fy (ID: 110) - Attempt 1
[2025-05-19 08:19:13] Found 15 players for letter code Fy
[2025-05-19 08:19:13] Updated status for letter Fy (ID: 110)
[2025-05-19 08:19:13] Processing letter code: Ga (ID: 111) - Attempt 1
[2025-05-19 08:20:00] Found 2736 players for letter code Ga
[2025-05-19 08:20:00] Updated status for letter Ga (ID: 111)
[2025-05-19 08:20:00] Processing letter code: Gb (ID: 112) - Attempt 1
[2025-05-19 08:20:04] Found 38 players for letter code Gb
[2025-05-19 08:20:04] Updated status for letter Gb (ID: 112)
[2025-05-19 08:20:04] Processing letter code: Gc (ID: 113) - Attempt 1
[2025-05-19 08:20:08] Found 2 players for letter code Gc
[2025-05-19 08:20:08] Updated status for letter Gc (ID: 113)
[2025-05-19 08:20:08] Processing letter code: Gd (ID: 114) - Attempt 1
[2025-05-19 08:20:12] Found 1 players for letter code Gd
[2025-05-19 08:20:12] Updated status for letter Gd (ID: 114)
[2025-05-19 08:20:12] Processing letter code: Ge (ID: 115) - Attempt 1
[2025-05-19 08:20:30] Found 900 players for letter code Ge
[2025-05-19 08:20:30] Updated status for letter Ge (ID: 115)
[2025-05-19 08:20:30] Processing letter code: Gf (ID: 116) - Attempt 1
[2025-05-19 08:20:34] Found 1 players for letter code Gf
[2025-05-19 08:20:34] Updated status for letter Gf (ID: 116)
[2025-05-19 08:20:34] Processing letter code: Gh (ID: 117) - Attempt 1
[2025-05-19 08:20:43] Found 334 players for letter code Gh
[2025-05-19 08:20:43] Updated status for letter Gh (ID: 117)
[2025-05-19 08:20:43] Processing letter code: Gi (ID: 118) - Attempt 1
[2025-05-19 08:21:02] Found 919 players for letter code Gi
[2025-05-19 08:21:02] Updated status for letter Gi (ID: 118)
[2025-05-19 08:21:02] Processing letter code: Gj (ID: 119) - Attempt 1
[2025-05-19 08:21:06] Found 39 players for letter code Gj
[2025-05-19 08:21:06] Updated status for letter Gj (ID: 119)
[2025-05-19 08:21:06] Processing letter code: Gk (ID: 120) - Attempt 1
[2025-05-19 08:21:10] Found 9 players for letter code Gk
[2025-05-19 08:21:10] Updated status for letter Gk (ID: 120)
[2025-05-19 08:21:10] Processing letter code: Gl (ID: 121) - Attempt 1
[2025-05-19 08:21:17] Found 216 players for letter code Gl
[2025-05-19 08:21:17] Updated status for letter Gl (ID: 121)
[2025-05-19 08:21:17] Processing letter code: Gm (ID: 122) - Attempt 1
[2025-05-19 08:21:21] Found 9 players for letter code Gm
[2025-05-19 08:21:21] Updated status for letter Gm (ID: 122)
[2025-05-19 08:21:21] Processing letter code: Gn (ID: 123) - Attempt 1
[2025-05-19 08:21:26] Found 56 players for letter code Gn
[2025-05-19 08:21:26] Updated status for letter Gn (ID: 123)
[2025-05-19 08:21:26] Processing letter code: Go (ID: 124) - Attempt 1
[2025-05-19 08:22:08] Found 2448 players for letter code Go
[2025-05-19 08:22:08] Updated status for letter Go (ID: 124)
[2025-05-19 08:22:08] Processing letter code: Gr (ID: 125) - Attempt 1
[2025-05-19 08:22:38] Found 1593 players for letter code Gr
[2025-05-19 08:22:38] Updated status for letter Gr (ID: 125)
[2025-05-19 08:22:38] Processing letter code: Gs (ID: 126) - Attempt 1
[2025-05-19 08:22:42] Found 9 players for letter code Gs
[2025-05-19 08:22:42] Updated status for letter Gs (ID: 126)
[2025-05-19 08:22:42] Processing letter code: Gt (ID: 127) - Attempt 1
[2025-05-19 08:22:46] Found 1 players for letter code Gt
[2025-05-19 08:22:46] Updated status for letter Gt (ID: 127)
[2025-05-19 08:22:46] Processing letter code: Gu (ID: 128) - Attempt 1
[2025-05-19 08:23:17] Found 1724 players for letter code Gu
[2025-05-19 08:23:17] Updated status for letter Gu (ID: 128)
[2025-05-19 08:23:17] Processing letter code: Gv (ID: 129) - Attempt 1
[2025-05-19 08:23:21] Found 12 players for letter code Gv
[2025-05-19 08:23:21] Updated status for letter Gv (ID: 129)
[2025-05-19 08:23:21] Processing letter code: Gw (ID: 130) - Attempt 1
[2025-05-19 08:23:25] Found 24 players for letter code Gw
[2025-05-19 08:23:25] Updated status for letter Gw (ID: 130)
[2025-05-19 08:23:25] Processing letter code: Gy (ID: 131) - Attempt 1
[2025-05-19 08:23:31] Found 99 players for letter code Gy
[2025-05-19 08:23:31] Updated status for letter Gy (ID: 131)
[2025-05-19 08:23:31] Processing letter code: Ha (ID: 132) - Attempt 1
[2025-05-19 08:24:34] Found 3581 players for letter code Ha
[2025-05-19 08:24:34] Updated status for letter Ha (ID: 132)
[2025-05-19 08:24:34] Processing letter code: Hb (ID: 133) - Attempt 1
[2025-05-19 08:24:38] Found 1 players for letter code Hb
[2025-05-19 08:24:38] Updated status for letter Hb (ID: 133)
[2025-05-19 08:24:38] Processing letter code: Hd (ID: 134) - Attempt 1
[2025-05-19 08:24:42] Found 2 players for letter code Hd
[2025-05-19 08:24:42] Updated status for letter Hd (ID: 134)
[2025-05-19 08:24:42] Processing letter code: He (ID: 135) - Attempt 1
[2025-05-19 08:25:20] Found 2134 players for letter code He
[2025-05-19 08:25:20] Updated status for letter He (ID: 135)
[2025-05-19 08:25:20] Processing letter code: Hi (ID: 136) - Attempt 1
[2025-05-19 08:25:35] Found 633 players for letter code Hi
[2025-05-19 08:25:35] Updated status for letter Hi (ID: 136)
[2025-05-19 08:25:35] Processing letter code: Hj (ID: 137) - Attempt 1
[2025-05-19 08:25:40] Found 39 players for letter code Hj
[2025-05-19 08:25:40] Updated status for letter Hj (ID: 137)
[2025-05-19 08:25:40] Processing letter code: Hl (ID: 138) - Attempt 1
[2025-05-19 08:25:45] Found 51 players for letter code Hl
[2025-05-19 08:25:45] Updated status for letter Hl (ID: 138)
[2025-05-19 08:25:45] Processing letter code: Hm (ID: 139) - Attempt 1
[2025-05-19 08:25:50] Found 15 players for letter code Hm
[2025-05-19 08:25:50] Updated status for letter Hm (ID: 139)
[2025-05-19 08:25:50] Processing letter code: Hn (ID: 140) - Attempt 1
[2025-05-19 08:25:54] Found 11 players for letter code Hn
[2025-05-19 08:25:54] Updated status for letter Hn (ID: 140)
[2025-05-19 08:25:54] Processing letter code: Ho (ID: 141) - Attempt 1
[2025-05-19 08:26:27] Found 1725 players for letter code Ho
[2025-05-19 08:26:27] Updated status for letter Ho (ID: 141)
[2025-05-19 08:26:27] Processing letter code: Hr (ID: 142) - Attempt 1
[2025-05-19 08:26:35] Found 134 players for letter code Hr
[2025-05-19 08:26:35] Updated status for letter Hr (ID: 142)
[2025-05-19 08:26:35] Processing letter code: Hs (ID: 143) - Attempt 1
[2025-05-19 08:26:39] Found 15 players for letter code Hs
[2025-05-19 08:26:39] Updated status for letter Hs (ID: 143)
[2025-05-19 08:26:39] Processing letter code: Ht (ID: 144) - Attempt 1
[2025-05-19 08:26:43] Found 14 players for letter code Ht
[2025-05-19 08:26:43] Updated status for letter Ht (ID: 144)
[2025-05-19 08:26:43] Processing letter code: Hu (ID: 145) - Attempt 1
[2025-05-19 08:27:03] Found 998 players for letter code Hu
[2025-05-19 08:27:03] Updated status for letter Hu (ID: 145)
[2025-05-19 08:27:03] Processing letter code: Hv (ID: 146) - Attempt 1
[2025-05-19 08:27:07] Found 8 players for letter code Hv
[2025-05-19 08:27:07] Updated status for letter Hv (ID: 146)
[2025-05-19 08:27:07] Processing letter code: Hw (ID: 147) - Attempt 1
[2025-05-19 08:27:11] Found 3 players for letter code Hw
[2025-05-19 08:27:11] Updated status for letter Hw (ID: 147)
[2025-05-19 08:27:11] Processing letter code: Hy (ID: 148) - Attempt 1
[2025-05-19 08:27:18] Found 198 players for letter code Hy
[2025-05-19 08:27:18] Updated status for letter Hy (ID: 148)
[2025-05-19 08:27:18] Processing letter code: Ia (ID: 149) - Attempt 1
[2025-05-19 08:27:23] Found 79 players for letter code Ia
[2025-05-19 08:27:23] Updated status for letter Ia (ID: 149)
[2025-05-19 08:27:23] Processing letter code: Ib (ID: 150) - Attempt 1
[2025-05-19 08:27:31] Found 285 players for letter code Ib
[2025-05-19 08:27:31] Updated status for letter Ib (ID: 150)
[2025-05-19 08:27:31] Processing letter code: Ic (ID: 151) - Attempt 1
[2025-05-19 08:27:36] Found 40 players for letter code Ic
[2025-05-19 08:27:36] Updated status for letter Ic (ID: 151)
[2025-05-19 08:27:36] Processing letter code: Id (ID: 152) - Attempt 1
[2025-05-19 08:27:41] Found 96 players for letter code Id
[2025-05-19 08:27:41] Updated status for letter Id (ID: 152)
[2025-05-19 08:27:41] Processing letter code: If (ID: 153) - Attempt 1
[2025-05-19 08:27:46] Found 16 players for letter code If
[2025-05-19 08:27:46] Updated status for letter If (ID: 153)
[2025-05-19 08:27:46] Processing letter code: Ig (ID: 154) - Attempt 1
[2025-05-19 08:27:52] Found 142 players for letter code Ig
[2025-05-19 08:27:52] Updated status for letter Ig (ID: 154)
[2025-05-19 08:27:52] Processing letter code: Ih (ID: 155) - Attempt 1
[2025-05-19 08:27:56] Found 39 players for letter code Ih
[2025-05-19 08:27:56] Updated status for letter Ih (ID: 155)
[2025-05-19 08:27:56] Processing letter code: Ii (ID: 156) - Attempt 1
[2025-05-19 08:28:01] Found 18 players for letter code Ii
[2025-05-19 08:28:01] Updated status for letter Ii (ID: 156)
[2025-05-19 08:28:01] Processing letter code: Ij (ID: 157) - Attempt 1
[2025-05-19 08:28:04] Found 6 players for letter code Ij
[2025-05-19 08:28:04] Updated status for letter Ij (ID: 157)
[2025-05-19 08:28:04] Processing letter code: Ik (ID: 158) - Attempt 1
[2025-05-19 08:28:09] Found 85 players for letter code Ik
[2025-05-19 08:28:09] Updated status for letter Ik (ID: 158)
[2025-05-19 08:28:09] Processing letter code: Il (ID: 159) - Attempt 1
[2025-05-19 08:28:18] Found 261 players for letter code Il
[2025-05-19 08:28:18] Updated status for letter Il (ID: 159)
[2025-05-19 08:28:18] Processing letter code: Im (ID: 160) - Attempt 1
[2025-05-19 08:28:24] Found 122 players for letter code Im
[2025-05-19 08:28:24] Updated status for letter Im (ID: 160)
[2025-05-19 08:28:24] Processing letter code: In (ID: 161) - Attempt 1
[2025-05-19 08:28:34] Found 368 players for letter code In
[2025-05-19 08:28:34] Updated status for letter In (ID: 161)
[2025-05-19 08:28:34] Processing letter code: Io (ID: 162) - Attempt 1
[2025-05-19 08:28:40] Found 94 players for letter code Io
[2025-05-19 08:28:40] Updated status for letter Io (ID: 162)
[2025-05-19 08:28:40] Processing letter code: Ip (ID: 163) - Attempt 1
[2025-05-19 08:28:45] Found 25 players for letter code Ip
[2025-05-19 08:28:45] Updated status for letter Ip (ID: 163)
[2025-05-19 08:28:45] Processing letter code: Iq (ID: 164) - Attempt 1
[2025-05-19 08:28:49] Found 6 players for letter code Iq
[2025-05-19 08:28:49] Updated status for letter Iq (ID: 164)
[2025-05-19 08:28:49] Processing letter code: Ir (ID: 165) - Attempt 1
[2025-05-19 08:28:55] Found 176 players for letter code Ir
[2025-05-19 08:28:55] Updated status for letter Ir (ID: 165)
[2025-05-19 08:28:55] Processing letter code: Is (ID: 166) - Attempt 1
[2025-05-19 08:29:07] Found 473 players for letter code Is
[2025-05-19 08:29:07] Updated status for letter Is (ID: 166)
[2025-05-19 08:29:07] Processing letter code: It (ID: 167) - Attempt 1
[2025-05-19 08:29:12] Found 86 players for letter code It
[2025-05-19 08:29:12] Updated status for letter It (ID: 167)
[2025-05-19 08:29:12] Processing letter code: Iu (ID: 168) - Attempt 1
[2025-05-19 08:29:16] Found 12 players for letter code Iu
[2025-05-19 08:29:16] Updated status for letter Iu (ID: 168)
[2025-05-19 08:29:16] Processing letter code: Iv (ID: 169) - Attempt 1
[2025-05-19 08:29:24] Found 265 players for letter code Iv
[2025-05-19 08:29:24] Updated status for letter Iv (ID: 169)
[2025-05-19 08:29:24] Processing letter code: Iw (ID: 170) - Attempt 1
[2025-05-19 08:29:29] Found 45 players for letter code Iw
[2025-05-19 08:29:29] Updated status for letter Iw (ID: 170)
[2025-05-19 08:29:29] Processing letter code: Ix (ID: 171) - Attempt 1
[2025-05-19 08:29:33] Found 3 players for letter code Ix
[2025-05-19 08:29:33] Updated status for letter Ix (ID: 171)
[2025-05-19 08:29:33] Processing letter code: Iy (ID: 172) - Attempt 1
[2025-05-19 08:29:37] Found 12 players for letter code Iy
[2025-05-19 08:29:37] Updated status for letter Iy (ID: 172)
[2025-05-19 08:29:37] Processing letter code: Iz (ID: 173) - Attempt 1
[2025-05-19 08:29:42] Found 74 players for letter code Iz
[2025-05-19 08:29:42] Updated status for letter Iz (ID: 173)
[2025-05-19 08:29:42] Processing letter code: Ja (ID: 174) - Attempt 1
[2025-05-19 08:30:17] Found 1851 players for letter code Ja
[2025-05-19 08:30:17] Updated status for letter Ja (ID: 174)
[2025-05-19 08:30:17] Processing letter code: Jb (ID: 175) - Attempt 1
[2025-05-19 08:30:21] Found 7 players for letter code Jb
[2025-05-19 08:30:21] Updated status for letter Jb (ID: 175)
[2025-05-19 08:30:21] Processing letter code: Jd (ID: 176) - Attempt 1
[2025-05-19 08:30:25] Found 1 players for letter code Jd
[2025-05-19 08:30:25] Updated status for letter Jd (ID: 176)
[2025-05-19 08:30:25] Processing letter code: Je (ID: 177) - Attempt 1
[2025-05-19 08:30:40] Found 700 players for letter code Je
[2025-05-19 08:30:40] Updated status for letter Je (ID: 177)
[2025-05-19 08:30:40] Processing letter code: Jg (ID: 178) - Attempt 1
[2025-05-19 08:30:44] Found 1 players for letter code Jg
[2025-05-19 08:30:44] Updated status for letter Jg (ID: 178)
[2025-05-19 08:30:44] Processing letter code: Jh (ID: 179) - Attempt 1
[2025-05-19 08:30:48] Found 19 players for letter code Jh
[2025-05-19 08:30:48] Updated status for letter Jh (ID: 179)
[2025-05-19 08:30:48] Processing letter code: Ji (ID: 180) - Attempt 1
[2025-05-19 08:31:00] Found 463 players for letter code Ji
[2025-05-19 08:31:00] Updated status for letter Ji (ID: 180)
[2025-05-19 08:31:00] Processing letter code: Jl (ID: 181) - Attempt 1
[2025-05-19 08:31:03] Found 1 players for letter code Jl
[2025-05-19 08:31:03] Updated status for letter Jl (ID: 181)
[2025-05-19 08:31:03] Processing letter code: Jn (ID: 182) - Attempt 1
[2025-05-19 08:31:07] Found 4 players for letter code Jn
[2025-05-19 08:31:07] Updated status for letter Jn (ID: 182)
[2025-05-19 08:31:07] Processing letter code: Jo (ID: 183) - Attempt 1
[2025-05-19 08:31:38] Found 1714 players for letter code Jo
[2025-05-19 08:31:38] Updated status for letter Jo (ID: 183)
[2025-05-19 08:31:38] Processing letter code: Jr (ID: 184) - Attempt 1
[2025-05-19 08:31:43] Found 8 players for letter code Jr
[2025-05-19 08:31:43] Updated status for letter Jr (ID: 184)
[2025-05-19 08:31:43] Processing letter code: Ju (ID: 185) - Attempt 1
[2025-05-19 08:32:01] Found 901 players for letter code Ju
[2025-05-19 08:32:01] Updated status for letter Ju (ID: 185)
[2025-05-19 08:32:01] Processing letter code: Jw (ID: 186) - Attempt 1
[2025-05-19 08:32:05] Found 2 players for letter code Jw
[2025-05-19 08:32:05] Updated status for letter Jw (ID: 186)
[2025-05-19 08:32:05] Processing letter code: Jy (ID: 187) - Attempt 1
[2025-05-19 08:32:09] Found 2 players for letter code Jy
[2025-05-19 08:32:09] Updated status for letter Jy (ID: 187)
[2025-05-19 08:32:09] Processing letter code: Ka (ID: 188) - Attempt 1
[2025-05-19 08:33:05] Found 3262 players for letter code Ka
[2025-05-19 08:33:05] Updated status for letter Ka (ID: 188)
[2025-05-19 08:33:05] Processing letter code: Kb (ID: 189) - Attempt 1
[2025-05-19 08:33:09] Found 1 players for letter code Kb
[2025-05-19 08:33:09] Updated status for letter Kb (ID: 189)
[2025-05-19 08:33:09] Processing letter code: Kc (ID: 190) - Attempt 1
[2025-05-19 08:33:14] Found 5 players for letter code Kc
[2025-05-19 08:33:14] Updated status for letter Kc (ID: 190)
[2025-05-19 08:33:14] Processing letter code: Kd (ID: 191) - Attempt 1
[2025-05-19 08:33:17] Found 2 players for letter code Kd
[2025-05-19 08:33:17] Updated status for letter Kd (ID: 191)
[2025-05-19 08:33:17] Processing letter code: Ke (ID: 192) - Attempt 1
[2025-05-19 08:33:39] Found 1098 players for letter code Ke
[2025-05-19 08:33:39] Updated status for letter Ke (ID: 192)
[2025-05-19 08:33:39] Processing letter code: Kg (ID: 193) - Attempt 1
[2025-05-19 08:33:43] Found 11 players for letter code Kg
[2025-05-19 08:33:43] Updated status for letter Kg (ID: 193)
[2025-05-19 08:33:43] Processing letter code: Kh (ID: 194) - Attempt 1
[2025-05-19 08:33:59] Found 710 players for letter code Kh
[2025-05-19 08:33:59] Updated status for letter Kh (ID: 194)
[2025-05-19 08:33:59] Processing letter code: Ki (ID: 195) - Attempt 1
[2025-05-19 08:34:19] Found 1014 players for letter code Ki
[2025-05-19 08:34:19] Updated status for letter Ki (ID: 195)
[2025-05-19 08:34:19] Processing letter code: Kj (ID: 196) - Attempt 1
[2025-05-19 08:34:23] Found 39 players for letter code Kj
[2025-05-19 08:34:23] Updated status for letter Kj (ID: 196)
[2025-05-19 08:34:23] Processing letter code: Kl (ID: 197) - Attempt 1
[2025-05-19 08:34:35] Found 457 players for letter code Kl
[2025-05-19 08:34:35] Updated status for letter Kl (ID: 197)
[2025-05-19 08:34:35] Processing letter code: Km (ID: 198) - Attempt 1
[2025-05-19 08:34:39] Found 9 players for letter code Km
[2025-05-19 08:34:39] Updated status for letter Km (ID: 198)
[2025-05-19 08:34:39] Processing letter code: Kn (ID: 199) - Attempt 1
[2025-05-19 08:34:47] Found 219 players for letter code Kn
[2025-05-19 08:34:47] Updated status for letter Kn (ID: 199)
[2025-05-19 08:34:47] Processing letter code: Ko (ID: 200) - Attempt 1
[2025-05-19 08:35:32] Found 2608 players for letter code Ko
[2025-05-19 08:35:32] Updated status for letter Ko (ID: 200)
[2025-05-19 08:35:32] Successfully saved 44224 players to database
[2025-05-19 08:35:32] load_player executed successfully
[2025-05-19 09:00:13] Processing 100 player codes
[2025-05-19 09:00:13] Processing letter code: Kp (ID: 201) - Attempt 1
[2025-05-19 09:00:18] Found 17 players for letter code Kp
[2025-05-19 09:00:18] Updated status for letter Kp (ID: 201)
[2025-05-19 09:00:18] Processing letter code: Kr (ID: 202) - Attempt 1
[2025-05-19 09:00:38] Found 984 players for letter code Kr
[2025-05-19 09:00:38] Updated status for letter Kr (ID: 202)
[2025-05-19 09:00:38] Processing letter code: Ks (ID: 203) - Attempt 1
[2025-05-19 09:00:42] Found 6 players for letter code Ks
[2025-05-19 09:00:42] Updated status for letter Ks (ID: 203)
[2025-05-19 09:00:42] Processing letter code: Kt (ID: 204) - Attempt 1
[2025-05-19 09:00:45] Found 1 players for letter code Kt
[2025-05-19 09:00:45] Updated status for letter Kt (ID: 204)
[2025-05-19 09:00:45] Processing letter code: Ku (ID: 205) - Attempt 1
[2025-05-19 09:01:07] Found 1132 players for letter code Ku
[2025-05-19 09:01:07] Updated status for letter Ku (ID: 205)
[2025-05-19 09:01:07] Processing letter code: Kv (ID: 206) - Attempt 1
[2025-05-19 09:01:11] Found 59 players for letter code Kv
[2025-05-19 09:01:11] Updated status for letter Kv (ID: 206)
[2025-05-19 09:01:11] Processing letter code: Kw (ID: 207) - Attempt 1
[2025-05-19 09:01:17] Found 106 players for letter code Kw
[2025-05-19 09:01:17] Updated status for letter Kw (ID: 207)
[2025-05-19 09:01:17] Processing letter code: Ky (ID: 208) - Attempt 1
[2025-05-19 09:01:23] Found 141 players for letter code Ky
[2025-05-19 09:01:23] Updated status for letter Ky (ID: 208)
[2025-05-19 09:01:23] Processing letter code: La (ID: 209) - Attempt 1
[2025-05-19 09:02:09] Found 2607 players for letter code La
[2025-05-19 09:02:09] Updated status for letter La (ID: 209)
[2025-05-19 09:02:09] Processing letter code: Le (ID: 210) - Attempt 1
[2025-05-19 09:02:49] Found 2259 players for letter code Le
[2025-05-19 09:02:49] Updated status for letter Le (ID: 210)
[2025-05-19 09:02:49] Processing letter code: Lg (ID: 211) - Attempt 1
[2025-05-19 09:02:53] Found 1 players for letter code Lg
[2025-05-19 09:02:53] Updated status for letter Lg (ID: 211)
[2025-05-19 09:02:53] Processing letter code: Lh (ID: 212) - Attempt 1
[2025-05-19 09:02:57] Found 23 players for letter code Lh
[2025-05-19 09:02:57] Updated status for letter Lh (ID: 212)
[2025-05-19 09:02:57] Processing letter code: Li (ID: 213) - Attempt 1
[2025-05-19 09:03:21] Found 1172 players for letter code Li
[2025-05-19 09:03:21] Updated status for letter Li (ID: 213)
[2025-05-19 09:03:21] Processing letter code: Lj (ID: 214) - Attempt 1
[2025-05-19 09:03:25] Found 50 players for letter code Lj
[2025-05-19 09:03:25] Updated status for letter Lj (ID: 214)
[2025-05-19 09:03:25] Processing letter code: Lk (ID: 215) - Attempt 1
[2025-05-19 09:03:29] Found 2 players for letter code Lk
[2025-05-19 09:03:29] Updated status for letter Lk (ID: 215)
[2025-05-19 09:03:29] Processing letter code: Ll (ID: 216) - Attempt 1
[2025-05-19 09:03:35] Found 133 players for letter code Ll
[2025-05-19 09:03:35] Updated status for letter Ll (ID: 216)
[2025-05-19 09:03:35] Processing letter code: Lm (ID: 217) - Attempt 1
[2025-05-19 09:03:39] Found 1 players for letter code Lm
[2025-05-19 09:03:39] Updated status for letter Lm (ID: 217)
[2025-05-19 09:03:39] Processing letter code: Lo (ID: 218) - Attempt 1
[2025-05-19 09:04:12] Found 1764 players for letter code Lo
[2025-05-19 09:04:12] Updated status for letter Lo (ID: 218)
[2025-05-19 09:04:12] Processing letter code: Lt (ID: 219) - Attempt 1
[2025-05-19 09:04:16] Found 2 players for letter code Lt
[2025-05-19 09:04:16] Updated status for letter Lt (ID: 219)
[2025-05-19 09:04:16] Processing letter code: Lu (ID: 220) - Attempt 1
[2025-05-19 09:04:40] Found 1269 players for letter code Lu
[2025-05-19 09:04:40] Updated status for letter Lu (ID: 220)
[2025-05-19 09:04:40] Processing letter code: Lw (ID: 221) - Attempt 1
[2025-05-19 09:04:44] Found 7 players for letter code Lw
[2025-05-19 09:04:44] Updated status for letter Lw (ID: 221)
[2025-05-19 09:04:44] Processing letter code: Ly (ID: 222) - Attempt 1
[2025-05-19 09:04:51] Found 167 players for letter code Ly
[2025-05-19 09:04:51] Updated status for letter Ly (ID: 222)
[2025-05-19 09:04:51] Processing letter code: Ma (ID: 223) - Attempt 1
[2025-05-19 09:07:12] Found 8348 players for letter code Ma
[2025-05-19 09:07:12] Updated status for letter Ma (ID: 223)
[2025-05-19 09:07:12] Processing letter code: Mb (ID: 224) - Attempt 1
[2025-05-19 09:07:21] Found 288 players for letter code Mb
[2025-05-19 09:07:21] Updated status for letter Mb (ID: 224)
[2025-05-19 09:07:21] Processing letter code: Mc (ID: 225) - Attempt 1
[2025-05-19 09:07:40] Found 978 players for letter code Mc
[2025-05-19 09:07:40] Updated status for letter Mc (ID: 225)
[2025-05-19 09:07:40] Processing letter code: Md (ID: 226) - Attempt 1
[2025-05-19 09:07:44] Found 19 players for letter code Md
[2025-05-19 09:07:44] Updated status for letter Md (ID: 226)
[2025-05-19 09:07:44] Processing letter code: Me (ID: 227) - Attempt 1
[2025-05-19 09:08:28] Found 2569 players for letter code Me
[2025-05-19 09:08:28] Updated status for letter Me (ID: 227)
[2025-05-19 09:08:28] Processing letter code: Mf (ID: 228) - Attempt 1
[2025-05-19 09:08:32] Found 23 players for letter code Mf
[2025-05-19 09:08:32] Updated status for letter Mf (ID: 228)
[2025-05-19 09:08:32] Processing letter code: Mg (ID: 229) - Attempt 1
[2025-05-19 09:08:37] Found 9 players for letter code Mg
[2025-05-19 09:08:37] Updated status for letter Mg (ID: 229)
[2025-05-19 09:08:37] Processing letter code: Mh (ID: 230) - Attempt 1
[2025-05-19 09:08:41] Found 26 players for letter code Mh
[2025-05-19 09:08:41] Updated status for letter Mh (ID: 230)
[2025-05-19 09:08:41] Processing letter code: Mi (ID: 231) - Attempt 1
[2025-05-19 09:09:25] Found 2498 players for letter code Mi
[2025-05-19 09:09:25] Updated status for letter Mi (ID: 231)
[2025-05-19 09:09:25] Processing letter code: Mj (ID: 232) - Attempt 1
[2025-05-19 09:09:29] Found 10 players for letter code Mj
[2025-05-19 09:09:29] Updated status for letter Mj (ID: 232)
[2025-05-19 09:09:29] Processing letter code: Mk (ID: 233) - Attempt 1
[2025-05-19 09:09:34] Found 45 players for letter code Mk
[2025-05-19 09:09:34] Updated status for letter Mk (ID: 233)
[2025-05-19 09:09:34] Processing letter code: Ml (ID: 234) - Attempt 1
[2025-05-19 09:09:38] Found 57 players for letter code Ml
[2025-05-19 09:09:38] Updated status for letter Ml (ID: 234)
[2025-05-19 09:09:38] Processing letter code: Mm (ID: 235) - Attempt 1
[2025-05-19 09:09:42] Found 10 players for letter code Mm
[2025-05-19 09:09:42] Updated status for letter Mm (ID: 235)
[2025-05-19 09:09:42] Processing letter code: Mn (ID: 236) - Attempt 1
[2025-05-19 09:09:47] Found 24 players for letter code Mn
[2025-05-19 09:09:47] Updated status for letter Mn (ID: 236)
[2025-05-19 09:09:47] Processing letter code: Mo (ID: 237) - Attempt 1
[2025-05-19 09:10:55] Found 3844 players for letter code Mo
[2025-05-19 09:10:55] Updated status for letter Mo (ID: 237)
[2025-05-19 09:10:55] Processing letter code: Mp (ID: 238) - Attempt 1
[2025-05-19 09:10:59] Found 44 players for letter code Mp
[2025-05-19 09:10:59] Updated status for letter Mp (ID: 238)
[2025-05-19 09:10:59] Processing letter code: Mq (ID: 239) - Attempt 1
[2025-05-19 09:11:04] Found 1 players for letter code Mq
[2025-05-19 09:11:04] Updated status for letter Mq (ID: 239)
[2025-05-19 09:11:04] Processing letter code: Mr (ID: 240) - Attempt 1
[2025-05-19 09:11:09] Found 76 players for letter code Mr
[2025-05-19 09:11:09] Updated status for letter Mr (ID: 240)
[2025-05-19 09:11:09] Processing letter code: Ms (ID: 241) - Attempt 1
[2025-05-19 09:11:13] Found 29 players for letter code Ms
[2025-05-19 09:11:13] Updated status for letter Ms (ID: 241)
[2025-05-19 09:11:13] Processing letter code: Mt (ID: 242) - Attempt 1
[2025-05-19 09:11:18] Found 31 players for letter code Mt
[2025-05-19 09:11:18] Updated status for letter Mt (ID: 242)
[2025-05-19 09:11:18] Processing letter code: Mu (ID: 243) - Attempt 1
[2025-05-19 09:11:50] Found 1745 players for letter code Mu
[2025-05-19 09:11:50] Updated status for letter Mu (ID: 243)
[2025-05-19 09:11:50] Processing letter code: Mv (ID: 244) - Attempt 1
[2025-05-19 09:11:55] Found 29 players for letter code Mv
[2025-05-19 09:11:55] Updated status for letter Mv (ID: 244)
[2025-05-19 09:11:55] Processing letter code: Mw (ID: 245) - Attempt 1
[2025-05-19 09:12:00] Found 49 players for letter code Mw
[2025-05-19 09:12:00] Updated status for letter Mw (ID: 245)
[2025-05-19 09:12:00] Processing letter code: Mx (ID: 246) - Attempt 1
[2025-05-19 09:12:04] Found 1 players for letter code Mx
[2025-05-19 09:12:04] Updated status for letter Mx (ID: 246)
[2025-05-19 09:12:04] Processing letter code: My (ID: 247) - Attempt 1
[2025-05-19 09:12:11] Found 162 players for letter code My
[2025-05-19 09:12:11] Updated status for letter My (ID: 247)
[2025-05-19 09:12:11] Processing letter code: Mz (ID: 248) - Attempt 1
[2025-05-19 09:12:15] Found 16 players for letter code Mz
[2025-05-19 09:12:15] Updated status for letter Mz (ID: 248)
[2025-05-19 09:12:15] Processing letter code: Na (ID: 249) - Attempt 1
[2025-05-19 09:12:46] Found 1627 players for letter code Na
[2025-05-19 09:12:46] Updated status for letter Na (ID: 249)
[2025-05-19 09:12:46] Processing letter code: Nc (ID: 250) - Attempt 1
[2025-05-19 09:12:50] Found 15 players for letter code Nc
[2025-05-19 09:12:50] Updated status for letter Nc (ID: 250)
[2025-05-19 09:12:50] Processing letter code: Nd (ID: 251) - Attempt 1
[2025-05-19 09:13:00] Found 360 players for letter code Nd
[2025-05-19 09:13:00] Updated status for letter Nd (ID: 251)
[2025-05-19 09:13:00] Processing letter code: Ne (ID: 252) - Attempt 1
[2025-05-19 09:13:19] Found 886 players for letter code Ne
[2025-05-19 09:13:19] Updated status for letter Ne (ID: 252)
[2025-05-19 09:13:19] Processing letter code: Nf (ID: 253) - Attempt 1
[2025-05-19 09:13:23] Found 3 players for letter code Nf
[2025-05-19 09:13:23] Updated status for letter Nf (ID: 253)
[2025-05-19 09:13:23] Processing letter code: Ng (ID: 254) - Attempt 1
[2025-05-19 09:13:32] Found 299 players for letter code Ng
[2025-05-19 09:13:32] Updated status for letter Ng (ID: 254)
[2025-05-19 09:13:32] Processing letter code: Nh (ID: 255) - Attempt 1
[2025-05-19 09:13:36] Found 18 players for letter code Nh
[2025-05-19 09:13:36] Updated status for letter Nh (ID: 255)
[2025-05-19 09:13:36] Processing letter code: Ni (ID: 256) - Attempt 1
[2025-05-19 09:13:57] Found 1054 players for letter code Ni
[2025-05-19 09:13:57] Updated status for letter Ni (ID: 256)
[2025-05-19 09:13:57] Processing letter code: Nj (ID: 257) - Attempt 1
[2025-05-19 09:14:01] Found 48 players for letter code Nj
[2025-05-19 09:14:01] Updated status for letter Nj (ID: 257)
[2025-05-19 09:14:01] Processing letter code: Nk (ID: 258) - Attempt 1
[2025-05-19 09:14:07] Found 95 players for letter code Nk
[2025-05-19 09:14:07] Updated status for letter Nk (ID: 258)
[2025-05-19 09:14:07] Processing letter code: Nl (ID: 259) - Attempt 1
[2025-05-19 09:14:11] Found 7 players for letter code Nl
[2025-05-19 09:14:11] Updated status for letter Nl (ID: 259)
[2025-05-19 09:14:11] Processing letter code: Nm (ID: 260) - Attempt 1
[2025-05-19 09:14:16] Found 3 players for letter code Nm
[2025-05-19 09:14:16] Updated status for letter Nm (ID: 260)
[2025-05-19 09:14:16] Processing letter code: Nn (ID: 261) - Attempt 1
[2025-05-19 09:14:20] Found 13 players for letter code Nn
[2025-05-19 09:14:20] Updated status for letter Nn (ID: 261)
[2025-05-19 09:14:20] Processing letter code: No (ID: 262) - Attempt 1
[2025-05-19 09:14:37] Found 820 players for letter code No
[2025-05-19 09:14:37] Updated status for letter No (ID: 262)
[2025-05-19 09:14:37] Processing letter code: Nr (ID: 263) - Attempt 1
[2025-05-19 09:14:41] Found 3 players for letter code Nr
[2025-05-19 09:14:41] Updated status for letter Nr (ID: 263)
[2025-05-19 09:14:41] Processing letter code: Ns (ID: 264) - Attempt 1
[2025-05-19 09:14:46] Found 85 players for letter code Ns
[2025-05-19 09:14:46] Updated status for letter Ns (ID: 264)
[2025-05-19 09:14:46] Processing letter code: Nt (ID: 265) - Attempt 1
[2025-05-19 09:14:51] Found 79 players for letter code Nt
[2025-05-19 09:14:51] Updated status for letter Nt (ID: 265)
[2025-05-19 09:14:51] Processing letter code: Nv (ID: 266) - Attempt 1
[2025-05-19 09:14:55] Found 1 players for letter code Nv
[2025-05-19 09:14:55] Updated status for letter Nv (ID: 266)
[2025-05-19 09:14:55] Processing letter code: Nw (ID: 267) - Attempt 1
[2025-05-19 09:15:00] Found 61 players for letter code Nw
[2025-05-19 09:15:00] Updated status for letter Nw (ID: 267)
[2025-05-19 09:15:00] Processing letter code: Nx (ID: 268) - Attempt 1
[2025-05-19 09:15:04] Found 4 players for letter code Nx
[2025-05-19 09:15:04] Updated status for letter Nx (ID: 268)
[2025-05-19 09:15:04] Processing letter code: Ny (ID: 269) - Attempt 1
[2025-05-19 09:15:11] Found 181 players for letter code Ny
[2025-05-19 09:15:11] Updated status for letter Ny (ID: 269)
[2025-05-19 09:15:11] Processing letter code: Nz (ID: 270) - Attempt 1
[2025-05-19 09:15:16] Found 60 players for letter code Nz
[2025-05-19 09:15:16] Updated status for letter Nz (ID: 270)
[2025-05-19 09:15:16] Processing letter code: Oa (ID: 271) - Attempt 1
[2025-05-19 09:15:21] Found 21 players for letter code Oa
[2025-05-19 09:15:21] Updated status for letter Oa (ID: 271)
[2025-05-19 09:15:21] Processing letter code: Ob (ID: 272) - Attempt 1
[2025-05-19 09:15:30] Found 300 players for letter code Ob
[2025-05-19 09:15:30] Updated status for letter Ob (ID: 272)
[2025-05-19 09:15:30] Processing letter code: Oc (ID: 273) - Attempt 1
[2025-05-19 09:15:37] Found 177 players for letter code Oc
[2025-05-19 09:15:37] Updated status for letter Oc (ID: 273)
[2025-05-19 09:15:37] Processing letter code: Od (ID: 274) - Attempt 1
[2025-05-19 09:15:43] Found 156 players for letter code Od
[2025-05-19 09:15:43] Updated status for letter Od (ID: 274)
[2025-05-19 09:15:43] Processing letter code: Oe (ID: 275) - Attempt 1
[2025-05-19 09:15:48] Found 40 players for letter code Oe
[2025-05-19 09:15:48] Updated status for letter Oe (ID: 275)
[2025-05-19 09:15:48] Processing letter code: Of (ID: 276) - Attempt 1
[2025-05-19 09:15:53] Found 55 players for letter code Of
[2025-05-19 09:15:53] Updated status for letter Of (ID: 276)
[2025-05-19 09:15:53] Processing letter code: Og (ID: 277) - Attempt 1
[2025-05-19 09:16:00] Found 168 players for letter code Og
[2025-05-19 09:16:00] Updated status for letter Og (ID: 277)
[2025-05-19 09:16:00] Processing letter code: Oh (ID: 278) - Attempt 1
[2025-05-19 09:16:05] Found 96 players for letter code Oh
[2025-05-19 09:16:05] Updated status for letter Oh (ID: 278)
[2025-05-19 09:16:05] Processing letter code: Oi (ID: 279) - Attempt 1
[2025-05-19 09:16:10] Found 18 players for letter code Oi
[2025-05-19 09:16:10] Updated status for letter Oi (ID: 279)
[2025-05-19 09:16:10] Processing letter code: Oj (ID: 280) - Attempt 1
[2025-05-19 09:16:15] Found 77 players for letter code Oj
[2025-05-19 09:16:15] Updated status for letter Oj (ID: 280)
[2025-05-19 09:16:15] Processing letter code: Ok (ID: 281) - Attempt 1
[2025-05-19 09:16:24] Found 265 players for letter code Ok
[2025-05-19 09:16:24] Updated status for letter Ok (ID: 281)
[2025-05-19 09:16:24] Processing letter code: Ol (ID: 282) - Attempt 1
[2025-05-19 09:16:40] Found 795 players for letter code Ol
[2025-05-19 09:16:40] Updated status for letter Ol (ID: 282)
[2025-05-19 09:16:40] Processing letter code: Om (ID: 283) - Attempt 1
[2025-05-19 09:16:48] Found 193 players for letter code Om
[2025-05-19 09:16:48] Updated status for letter Om (ID: 283)
[2025-05-19 09:16:48] Processing letter code: On (ID: 284) - Attempt 1
[2025-05-19 09:16:56] Found 273 players for letter code On
[2025-05-19 09:16:56] Updated status for letter On (ID: 284)
[2025-05-19 09:16:56] Processing letter code: Oo (ID: 285) - Attempt 1
[2025-05-19 09:17:00] Found 27 players for letter code Oo
[2025-05-19 09:17:00] Updated status for letter Oo (ID: 285)
[2025-05-19 09:17:00] Processing letter code: Op (ID: 286) - Attempt 1
[2025-05-19 09:17:06] Found 99 players for letter code Op
[2025-05-19 09:17:06] Updated status for letter Op (ID: 286)
[2025-05-19 09:17:06] Processing letter code: Oq (ID: 287) - Attempt 1
[2025-05-19 09:17:10] Found 1 players for letter code Oq
[2025-05-19 09:17:10] Updated status for letter Oq (ID: 287)
[2025-05-19 09:17:10] Processing letter code: Or (ID: 288) - Attempt 1
[2025-05-19 09:17:25] Found 648 players for letter code Or
[2025-05-19 09:17:25] Updated status for letter Or (ID: 288)
[2025-05-19 09:17:25] Processing letter code: Ot (ID: 289) - Attempt 1
[2025-05-19 09:17:33] Found 255 players for letter code Ot
[2025-05-19 09:17:33] Updated status for letter Ot (ID: 289)
[2025-05-19 09:17:33] Processing letter code: Ou (ID: 290) - Attempt 1
[2025-05-19 09:17:42] Found 303 players for letter code Ou
[2025-05-19 09:17:42] Updated status for letter Ou (ID: 290)
[2025-05-19 09:17:42] Processing letter code: Ow (ID: 291) - Attempt 1
[2025-05-19 09:17:47] Found 101 players for letter code Ow
[2025-05-19 09:17:47] Updated status for letter Ow (ID: 291)
[2025-05-19 09:17:47] Processing letter code: Ox (ID: 292) - Attempt 1
[2025-05-19 09:17:52] Found 8 players for letter code Ox
[2025-05-19 09:17:52] Updated status for letter Ox (ID: 292)
[2025-05-19 09:17:52] Processing letter code: Oy (ID: 293) - Attempt 1
[2025-05-19 09:17:57] Found 59 players for letter code Oy
[2025-05-19 09:17:57] Updated status for letter Oy (ID: 293)
[2025-05-19 09:17:57] Processing letter code: Pa (ID: 294) - Attempt 1
[2025-05-19 09:18:53] Found 3215 players for letter code Pa
[2025-05-19 09:18:53] Updated status for letter Pa (ID: 294)
[2025-05-19 09:18:53] Processing letter code: Pc (ID: 295) - Attempt 1
[2025-05-19 09:18:57] Found 3 players for letter code Pc
[2025-05-19 09:18:57] Updated status for letter Pc (ID: 295)
[2025-05-19 09:18:57] Processing letter code: Pe (ID: 296) - Attempt 1
[2025-05-19 09:19:52] Found 2925 players for letter code Pe
[2025-05-19 09:19:52] Updated status for letter Pe (ID: 296)
[2025-05-19 09:19:52] Processing letter code: Pf (ID: 297) - Attempt 1
[2025-05-19 09:19:57] Found 75 players for letter code Pf
[2025-05-19 09:19:57] Updated status for letter Pf (ID: 297)
[2025-05-19 09:19:57] Processing letter code: Ph (ID: 298) - Attempt 1
[2025-05-19 09:20:07] Found 275 players for letter code Ph
[2025-05-19 09:20:07] Updated status for letter Ph (ID: 298)
[2025-05-19 09:20:07] Processing letter code: Pi (ID: 299) - Attempt 1
[2025-05-19 09:20:35] Found 1473 players for letter code Pi
[2025-05-19 09:20:35] Updated status for letter Pi (ID: 299)
[2025-05-19 09:20:35] Processing letter code: Pj (ID: 300) - Attempt 1
[2025-05-19 09:20:39] Found 7 players for letter code Pj
[2025-05-19 09:20:39] Updated status for letter Pj (ID: 300)
[2025-05-19 09:20:40] Successfully saved 50664 players to database
[2025-05-19 09:20:40] load_player executed successfully
[2025-05-19 09:58:33] Processing 100 player codes
[2025-05-19 09:58:33] Processing letter code: Pl (ID: 301) - Attempt 1
[2025-05-19 09:58:43] Found 292 players for letter code Pl
[2025-05-19 09:58:43] Updated status for letter Pl (ID: 301)
[2025-05-19 09:58:43] Processing letter code: Pm (ID: 302) - Attempt 1
[2025-05-19 09:58:47] Found 1 players for letter code Pm
[2025-05-19 09:58:47] Updated status for letter Pm (ID: 302)
[2025-05-19 09:58:47] Processing letter code: Pn (ID: 303) - Attempt 1
[2025-05-19 09:58:51] Found 3 players for letter code Pn
[2025-05-19 09:58:51] Updated status for letter Pn (ID: 303)
[2025-05-19 09:58:51] Processing letter code: Po (ID: 304) - Attempt 1
[2025-05-19 09:59:17] Found 1477 players for letter code Po
[2025-05-19 09:59:17] Updated status for letter Po (ID: 304)
[2025-05-19 09:59:17] Processing letter code: Pp (ID: 305) - Attempt 1
[2025-05-19 09:59:21] Found 1 players for letter code Pp
[2025-05-19 09:59:21] Updated status for letter Pp (ID: 305)
[2025-05-19 09:59:21] Processing letter code: Pr (ID: 306) - Attempt 1
[2025-05-19 09:59:39] Found 883 players for letter code Pr
[2025-05-19 09:59:39] Updated status for letter Pr (ID: 306)
[2025-05-19 09:59:39] Processing letter code: Ps (ID: 307) - Attempt 1
[2025-05-19 09:59:42] Found 12 players for letter code Ps
[2025-05-19 09:59:42] Updated status for letter Ps (ID: 307)
[2025-05-19 09:59:42] Processing letter code: Pt (ID: 308) - Attempt 1
[2025-05-19 09:59:46] Found 6 players for letter code Pt
[2025-05-19 09:59:46] Updated status for letter Pt (ID: 308)
[2025-05-19 09:59:46] Processing letter code: Pu (ID: 309) - Attempt 1
[2025-05-19 09:59:57] Found 433 players for letter code Pu
[2025-05-19 09:59:57] Updated status for letter Pu (ID: 309)
[2025-05-19 09:59:57] Processing letter code: Pv (ID: 310) - Attempt 1
[2025-05-19 10:00:01] Found 1 players for letter code Pv
[2025-05-19 10:00:01] Updated status for letter Pv (ID: 310)
[2025-05-19 10:00:01] Processing letter code: Pw (ID: 311) - Attempt 1
[2025-05-19 10:00:04] Found 2 players for letter code Pw
[2025-05-19 10:00:04] Updated status for letter Pw (ID: 311)
[2025-05-19 10:00:04] Processing letter code: Py (ID: 312) - Attempt 1
[2025-05-19 10:00:08] Found 44 players for letter code Py
[2025-05-19 10:00:08] Updated status for letter Py (ID: 312)
[2025-05-19 10:00:08] Processing letter code: Qa (ID: 313) - Attempt 1
[2025-05-19 10:00:13] Found 96 players for letter code Qa
[2025-05-19 10:00:13] Updated status for letter Qa (ID: 313)
[2025-05-19 10:00:13] Processing letter code: Qe (ID: 314) - Attempt 1
[2025-05-19 10:00:17] Found 15 players for letter code Qe
[2025-05-19 10:00:17] Updated status for letter Qe (ID: 314)
[2025-05-19 10:00:17] Processing letter code: Qi (ID: 315) - Attempt 1
[2025-05-19 10:00:22] Found 32 players for letter code Qi
[2025-05-19 10:00:22] Updated status for letter Qi (ID: 315)
[2025-05-19 10:00:22] Processing letter code: Qo (ID: 316) - Attempt 1
[2025-05-19 10:00:25] Found 11 players for letter code Qo
[2025-05-19 10:00:25] Updated status for letter Qo (ID: 316)
[2025-05-19 10:00:25] Processing letter code: Qr (ID: 317) - Attempt 1
[2025-05-19 10:00:29] Found 1 players for letter code Qr
[2025-05-19 10:00:29] Updated status for letter Qr (ID: 317)
[2025-05-19 10:00:29] Processing letter code: Qt (ID: 318) - Attempt 1
[2025-05-19 10:00:33] Found 1 players for letter code Qt
[2025-05-19 10:00:33] Updated status for letter Qt (ID: 318)
[2025-05-19 10:00:33] Processing letter code: Qu (ID: 319) - Attempt 1
[2025-05-19 10:00:46] Found 574 players for letter code Qu
[2025-05-19 10:00:46] Updated status for letter Qu (ID: 319)
[2025-05-19 10:00:46] Processing letter code: Qv (ID: 320) - Attempt 1
[2025-05-19 10:00:50] Found 5 players for letter code Qv
[2025-05-19 10:00:50] Updated status for letter Qv (ID: 320)
[2025-05-19 10:00:50] Processing letter code: Qw (ID: 321) - Attempt 1
[2025-05-19 10:00:54] Found 1 players for letter code Qw
[2025-05-19 10:00:54] Updated status for letter Qw (ID: 321)
[2025-05-19 10:00:54] Processing letter code: Ra (ID: 322) - Attempt 1
[2025-05-19 10:01:39] Found 2576 players for letter code Ra
[2025-05-19 10:01:39] Updated status for letter Ra (ID: 322)
[2025-05-19 10:01:39] Processing letter code: Re (ID: 323) - Attempt 1
[2025-05-19 10:02:09] Found 1674 players for letter code Re
[2025-05-19 10:02:09] Updated status for letter Re (ID: 323)
[2025-05-19 10:02:09] Processing letter code: Rg (ID: 324) - Attempt 1
[2025-05-19 10:02:12] Found 2 players for letter code Rg
[2025-05-19 10:02:12] Updated status for letter Rg (ID: 324)
[2025-05-19 10:02:12] Processing letter code: Rh (ID: 325) - Attempt 1
[2025-05-19 10:02:17] Found 37 players for letter code Rh
[2025-05-19 10:02:17] Updated status for letter Rh (ID: 325)
[2025-05-19 10:02:17] Processing letter code: Ri (ID: 326) - Attempt 1
[2025-05-19 10:02:46] Found 1537 players for letter code Ri
[2025-05-19 10:02:46] Updated status for letter Ri (ID: 326)
[2025-05-19 10:02:46] Processing letter code: Rj (ID: 327) - Attempt 1
[2025-05-19 10:02:50] Found 1 players for letter code Rj
[2025-05-19 10:02:50] Updated status for letter Rj (ID: 327)
[2025-05-19 10:02:50] Processing letter code: Rm (ID: 328) - Attempt 1
[2025-05-19 10:02:54] Found 1 players for letter code Rm
[2025-05-19 10:02:54] Updated status for letter Rm (ID: 328)
[2025-05-19 10:02:54] Processing letter code: Rn (ID: 329) - Attempt 1
[2025-05-19 10:02:58] Found 5 players for letter code Rn
[2025-05-19 10:02:58] Updated status for letter Rn (ID: 329)
[2025-05-19 10:02:58] Processing letter code: Ro (ID: 330) - Attempt 1
[2025-05-19 10:03:57] Found 3478 players for letter code Ro
[2025-05-19 10:03:57] Updated status for letter Ro (ID: 330)
[2025-05-19 10:03:57] Processing letter code: Rr (ID: 331) - Attempt 1
[2025-05-19 10:04:01] Found 17 players for letter code Rr
[2025-05-19 10:04:01] Updated status for letter Rr (ID: 331)
[2025-05-19 10:04:01] Processing letter code: Ru (ID: 332) - Attempt 1
[2025-05-19 10:04:20] Found 951 players for letter code Ru
[2025-05-19 10:04:20] Updated status for letter Ru (ID: 332)
[2025-05-19 10:04:20] Processing letter code: Rw (ID: 333) - Attempt 1
[2025-05-19 10:04:24] Found 4 players for letter code Rw
[2025-05-19 10:04:24] Updated status for letter Rw (ID: 333)
[2025-05-19 10:04:24] Processing letter code: Ry (ID: 334) - Attempt 1
[2025-05-19 10:04:30] Found 133 players for letter code Ry
[2025-05-19 10:04:30] Updated status for letter Ry (ID: 334)
[2025-05-19 10:04:30] Processing letter code: Sa (ID: 335) - Attempt 1
[2025-05-19 10:05:56] Found 5065 players for letter code Sa
[2025-05-19 10:05:56] Updated status for letter Sa (ID: 335)
[2025-05-19 10:05:56] Processing letter code: Sb (ID: 336) - Attempt 1
[2025-05-19 10:06:01] Found 23 players for letter code Sb
[2025-05-19 10:06:01] Updated status for letter Sb (ID: 336)
[2025-05-19 10:06:01] Processing letter code: Sc (ID: 337) - Attempt 1
[2025-05-19 10:06:38] Found 2047 players for letter code Sc
[2025-05-19 10:06:38] Updated status for letter Sc (ID: 337)
[2025-05-19 10:06:38] Processing letter code: Sd (ID: 338) - Attempt 1
[2025-05-19 10:06:42] Found 1 players for letter code Sd
[2025-05-19 10:06:42] Updated status for letter Sd (ID: 338)
[2025-05-19 10:06:42] Processing letter code: Se (ID: 339) - Attempt 1
[2025-05-19 10:07:16] Found 1876 players for letter code Se
[2025-05-19 10:07:16] Updated status for letter Se (ID: 339)
[2025-05-19 10:07:16] Processing letter code: Sf (ID: 340) - Attempt 1
[2025-05-19 10:07:19] Found 10 players for letter code Sf
[2025-05-19 10:07:19] Updated status for letter Sf (ID: 340)
[2025-05-19 10:07:19] Processing letter code: Sg (ID: 341) - Attempt 1
[2025-05-19 10:07:24] Found 10 players for letter code Sg
[2025-05-19 10:07:24] Updated status for letter Sg (ID: 341)
[2025-05-19 10:07:24] Processing letter code: Sh (ID: 342) - Attempt 1
[2025-05-19 10:07:50] Found 1408 players for letter code Sh
[2025-05-19 10:07:50] Updated status for letter Sh (ID: 342)
[2025-05-19 10:07:50] Processing letter code: Sj (ID: 343) - Attempt 1
[2025-05-19 10:07:55] Found 46 players for letter code Sj
[2025-05-19 10:07:55] Updated status for letter Sj (ID: 343)
[2025-05-19 10:07:55] Processing letter code: Sk (ID: 344) - Attempt 1
[2025-05-19 10:08:04] Found 305 players for letter code Sk
[2025-05-19 10:08:04] Updated status for letter Sk (ID: 344)
[2025-05-19 10:08:04] Processing letter code: Sl (ID: 345) - Attempt 1
[2025-05-19 10:08:11] Found 188 players for letter code Sl
[2025-05-19 10:08:11] Updated status for letter Sl (ID: 345)
[2025-05-19 10:08:11] Processing letter code: Sm (ID: 346) - Attempt 1
[2025-05-19 10:08:24] Found 542 players for letter code Sm
[2025-05-19 10:08:24] Updated status for letter Sm (ID: 346)
[2025-05-19 10:08:24] Processing letter code: Sn (ID: 347) - Attempt 1
[2025-05-19 10:08:29] Found 57 players for letter code Sn
[2025-05-19 10:08:29] Updated status for letter Sn (ID: 347)
[2025-05-19 10:08:29] Processing letter code: So (ID: 348) - Attempt 1
[2025-05-19 10:09:02] Found 1822 players for letter code So
[2025-05-19 10:09:02] Updated status for letter So (ID: 348)
[2025-05-19 10:09:02] Processing letter code: Sp (ID: 349) - Attempt 1
[2025-05-19 10:09:13] Found 462 players for letter code Sp
[2025-05-19 10:09:13] Updated status for letter Sp (ID: 349)
[2025-05-19 10:09:13] Processing letter code: Sq (ID: 350) - Attempt 1
[2025-05-19 10:09:17] Found 14 players for letter code Sq
[2025-05-19 10:09:17] Updated status for letter Sq (ID: 350)
[2025-05-19 10:09:17] Processing letter code: Sr (ID: 351) - Attempt 1
[2025-05-19 10:09:22] Found 51 players for letter code Sr
[2025-05-19 10:09:22] Updated status for letter Sr (ID: 351)
[2025-05-19 10:09:22] Processing letter code: Ss (ID: 352) - Attempt 1
[2025-05-19 10:09:26] Found 20 players for letter code Ss
[2025-05-19 10:09:26] Updated status for letter Ss (ID: 352)
[2025-05-19 10:09:26] Processing letter code: St (ID: 353) - Attempt 1
[2025-05-19 10:10:05] Found 2249 players for letter code St
[2025-05-19 10:10:05] Updated status for letter St (ID: 353)
[2025-05-19 10:10:05] Processing letter code: Sv (ID: 354) - Attempt 1
[2025-05-19 10:10:12] Found 181 players for letter code Sv
[2025-05-19 10:10:12] Updated status for letter Sv (ID: 354)
[2025-05-19 10:10:12] Processing letter code: Sw (ID: 355) - Attempt 1
[2025-05-19 10:10:18] Found 116 players for letter code Sw
[2025-05-19 10:10:18] Updated status for letter Sw (ID: 355)
[2025-05-19 10:10:18] Processing letter code: Sy (ID: 356) - Attempt 1
[2025-05-19 10:10:25] Found 213 players for letter code Sy
[2025-05-19 10:10:25] Updated status for letter Sy (ID: 356)
[2025-05-19 10:10:25] Processing letter code: Sz (ID: 357) - Attempt 1
[2025-05-19 10:10:34] Found 280 players for letter code Sz
[2025-05-19 10:10:34] Updated status for letter Sz (ID: 357)
[2025-05-19 10:10:34] Processing letter code: Ta (ID: 358) - Attempt 1
[2025-05-19 10:11:09] Found 2021 players for letter code Ta
[2025-05-19 10:11:09] Updated status for letter Ta (ID: 358)
[2025-05-19 10:11:09] Processing letter code: Tb (ID: 359) - Attempt 1
[2025-05-19 10:11:13] Found 1 players for letter code Tb
[2025-05-19 10:11:13] Updated status for letter Tb (ID: 359)
[2025-05-19 10:11:13] Processing letter code: Tc (ID: 360) - Attempt 1
[2025-05-19 10:11:19] Found 94 players for letter code Tc
[2025-05-19 10:11:19] Updated status for letter Tc (ID: 360)
[2025-05-19 10:11:19] Processing letter code: Te (ID: 361) - Attempt 1
[2025-05-19 10:11:37] Found 891 players for letter code Te
[2025-05-19 10:11:37] Updated status for letter Te (ID: 361)
[2025-05-19 10:11:37] Processing letter code: Tf (ID: 362) - Attempt 1
[2025-05-19 10:11:42] Found 3 players for letter code Tf
[2025-05-19 10:11:42] Updated status for letter Tf (ID: 362)
[2025-05-19 10:11:42] Processing letter code: Th (ID: 363) - Attempt 1
[2025-05-19 10:12:03] Found 1073 players for letter code Th
[2025-05-19 10:12:03] Updated status for letter Th (ID: 363)
[2025-05-19 10:12:03] Processing letter code: Ti (ID: 364) - Attempt 1
[2025-05-19 10:12:17] Found 599 players for letter code Ti
[2025-05-19 10:12:17] Updated status for letter Ti (ID: 364)
[2025-05-19 10:12:17] Processing letter code: Tj (ID: 365) - Attempt 1
[2025-05-19 10:12:21] Found 18 players for letter code Tj
[2025-05-19 10:12:21] Updated status for letter Tj (ID: 365)
[2025-05-19 10:12:21] Processing letter code: Tk (ID: 366) - Attempt 1
[2025-05-19 10:12:26] Found 23 players for letter code Tk
[2025-05-19 10:12:26] Updated status for letter Tk (ID: 366)
[2025-05-19 10:12:26] Processing letter code: Tl (ID: 367) - Attempt 1
[2025-05-19 10:12:30] Found 20 players for letter code Tl
[2025-05-19 10:12:30] Updated status for letter Tl (ID: 367)
[2025-05-19 10:12:30] Processing letter code: Tm (ID: 368) - Attempt 1
[2025-05-19 10:12:35] Found 1 players for letter code Tm
[2025-05-19 10:12:35] Updated status for letter Tm (ID: 368)
[2025-05-19 10:12:35] Processing letter code: Tn (ID: 369) - Attempt 1
[2025-05-19 10:12:38] Found 1 players for letter code Tn
[2025-05-19 10:12:38] Updated status for letter Tn (ID: 369)
[2025-05-19 10:12:38] Processing letter code: To (ID: 370) - Attempt 1
[2025-05-19 10:13:09] Found 1685 players for letter code To
[2025-05-19 10:13:09] Updated status for letter To (ID: 370)
[2025-05-19 10:13:09] Processing letter code: Tp (ID: 371) - Attempt 1
[2025-05-19 10:13:12] Found 1 players for letter code Tp
[2025-05-19 10:13:12] Updated status for letter Tp (ID: 371)
[2025-05-19 10:13:12] Processing letter code: Tr (ID: 372) - Attempt 1
[2025-05-19 10:13:31] Found 897 players for letter code Tr
[2025-05-19 10:13:31] Updated status for letter Tr (ID: 372)
[2025-05-19 10:13:31] Processing letter code: Ts (ID: 373) - Attempt 1
[2025-05-19 10:13:39] Found 320 players for letter code Ts
[2025-05-19 10:13:39] Updated status for letter Ts (ID: 373)
[2025-05-19 10:13:39] Processing letter code: Tt (ID: 374) - Attempt 1
[2025-05-19 10:13:43] Found 1 players for letter code Tt
[2025-05-19 10:13:43] Updated status for letter Tt (ID: 374)
[2025-05-19 10:13:43] Processing letter code: Tv (ID: 375) - Attempt 1
[2025-05-19 10:13:48] Found 14 players for letter code Tv
[2025-05-19 10:13:48] Updated status for letter Tv (ID: 375)
[2025-05-19 10:13:48] Processing letter code: Tw (ID: 376) - Attempt 1
[2025-05-19 10:13:52] Found 38 players for letter code Tw
[2025-05-19 10:13:52] Updated status for letter Tw (ID: 376)
[2025-05-19 10:13:52] Processing letter code: Tx (ID: 377) - Attempt 1
[2025-05-19 10:13:56] Found 8 players for letter code Tx
[2025-05-19 10:13:56] Updated status for letter Tx (ID: 377)
[2025-05-19 10:13:56] Processing letter code: Ty (ID: 378) - Attempt 1
[2025-05-19 10:14:02] Found 63 players for letter code Ty
[2025-05-19 10:14:02] Updated status for letter Ty (ID: 378)
[2025-05-19 10:14:02] Processing letter code: Tz (ID: 379) - Attempt 1
[2025-05-19 10:14:07] Found 36 players for letter code Tz
[2025-05-19 10:14:07] Updated status for letter Tz (ID: 379)
[2025-05-19 10:14:07] Processing letter code: Ua (ID: 380) - Attempt 1
[2025-05-19 10:14:11] Found 4 players for letter code Ua
[2025-05-19 10:14:11] Updated status for letter Ua (ID: 380)
[2025-05-19 10:14:11] Processing letter code: Ub (ID: 381) - Attempt 1
[2025-05-19 10:14:15] Found 31 players for letter code Ub
[2025-05-19 10:14:15] Updated status for letter Ub (ID: 381)
[2025-05-19 10:14:15] Processing letter code: Uc (ID: 382) - Attempt 1
[2025-05-19 10:14:19] Found 67 players for letter code Uc
[2025-05-19 10:14:19] Updated status for letter Uc (ID: 382)
[2025-05-19 10:14:19] Processing letter code: Ud (ID: 383) - Attempt 1
[2025-05-19 10:14:24] Found 51 players for letter code Ud
[2025-05-19 10:14:24] Updated status for letter Ud (ID: 383)
[2025-05-19 10:14:24] Processing letter code: Ue (ID: 384) - Attempt 1
[2025-05-19 10:14:29] Found 43 players for letter code Ue
[2025-05-19 10:14:29] Updated status for letter Ue (ID: 384)
[2025-05-19 10:14:29] Processing letter code: Uf (ID: 385) - Attempt 1
[2025-05-19 10:14:32] Found 5 players for letter code Uf
[2025-05-19 10:14:32] Updated status for letter Uf (ID: 385)
[2025-05-19 10:14:32] Processing letter code: Ug (ID: 386) - Attempt 1
[2025-05-19 10:14:37] Found 51 players for letter code Ug
[2025-05-19 10:14:37] Updated status for letter Ug (ID: 386)
[2025-05-19 10:14:37] Processing letter code: Uh (ID: 387) - Attempt 1
[2025-05-19 10:14:41] Found 19 players for letter code Uh
[2025-05-19 10:14:41] Updated status for letter Uh (ID: 387)
[2025-05-19 10:14:41] Processing letter code: Ui (ID: 388) - Attempt 1
[2025-05-19 10:14:45] Found 13 players for letter code Ui
[2025-05-19 10:14:45] Updated status for letter Ui (ID: 388)
[2025-05-19 10:14:45] Processing letter code: Uj (ID: 389) - Attempt 1
[2025-05-19 10:14:50] Found 15 players for letter code Uj
[2025-05-19 10:14:50] Updated status for letter Uj (ID: 389)
[2025-05-19 10:14:50] Processing letter code: Uk (ID: 390) - Attempt 1
[2025-05-19 10:14:55] Found 24 players for letter code Uk
[2025-05-19 10:14:55] Updated status for letter Uk (ID: 390)
[2025-05-19 10:14:55] Processing letter code: Ul (ID: 391) - Attempt 1
[2025-05-19 10:15:00] Found 110 players for letter code Ul
[2025-05-19 10:15:00] Updated status for letter Ul (ID: 391)
[2025-05-19 10:15:00] Processing letter code: Um (ID: 392) - Attempt 1
[2025-05-19 10:15:04] Found 55 players for letter code Um
[2025-05-19 10:15:04] Updated status for letter Um (ID: 392)
[2025-05-19 10:15:04] Processing letter code: Un (ID: 393) - Attempt 1
[2025-05-19 10:15:10] Found 112 players for letter code Un
[2025-05-19 10:15:10] Updated status for letter Un (ID: 393)
[2025-05-19 10:15:10] Processing letter code: Uo (ID: 394) - Attempt 1
[2025-05-19 10:15:14] Found 1 players for letter code Uo
[2025-05-19 10:15:14] Updated status for letter Uo (ID: 394)
[2025-05-19 10:15:14] Processing letter code: Up (ID: 395) - Attempt 1
[2025-05-19 10:15:18] Found 16 players for letter code Up
[2025-05-19 10:15:18] Updated status for letter Up (ID: 395)
[2025-05-19 10:15:18] Processing letter code: Uq (ID: 396) - Attempt 1
[2025-05-19 10:15:23] Found 1 players for letter code Uq
[2025-05-19 10:15:23] Updated status for letter Uq (ID: 396)
[2025-05-19 10:15:23] Processing letter code: Ur (ID: 397) - Attempt 1
[2025-05-19 10:15:30] Found 248 players for letter code Ur
[2025-05-19 10:15:30] Updated status for letter Ur (ID: 397)
[2025-05-19 10:15:30] Processing letter code: Ut (ID: 398) - Attempt 1
[2025-05-19 10:15:35] Found 33 players for letter code Ut
[2025-05-19 10:15:35] Updated status for letter Ut (ID: 398)
[2025-05-19 10:15:35] Processing letter code: Uu (ID: 399) - Attempt 1
[2025-05-19 10:15:38] Found 7 players for letter code Uu
[2025-05-19 10:15:38] Updated status for letter Uu (ID: 399)
[2025-05-19 10:15:38] Processing letter code: Uv (ID: 400) - Attempt 1
[2025-05-19 10:15:43] Found 8 players for letter code Uv
[2025-05-19 10:15:43] Updated status for letter Uv (ID: 400)
[2025-05-19 10:15:43] Successfully saved 40015 players to database
[2025-05-19 10:15:43] load_player executed successfully
