[2025-05-21 05:13:50] Processing 16 player codes
[2025-05-21 05:13:50] Processing letter code: Ux (ID: 402) - Attempt 1
[2025-05-21 05:13:54] Found 1 players for letter code Ux
[2025-05-21 05:13:54] Updated status for letter Ux (ID: 402)
[2025-05-21 05:13:54] Processing letter code: Uy (ID: 403) - Attempt 1
[2025-05-21 05:13:58] Found 14 players for letter code Uy
[2025-05-21 05:13:58] Updated status for letter Uy (ID: 403)
[2025-05-21 05:13:58] Processing letter code: Uz (ID: 404) - Attempt 1
[2025-05-21 05:14:02] Found 59 players for letter code Uz
[2025-05-21 05:14:02] Updated status for letter Uz (ID: 404)
[2025-05-21 05:14:02] Processing letter code: Va (ID: 405) - Attempt 1
[2025-05-21 05:14:40] Found 2213 players for letter code Va
[2025-05-21 05:14:40] Updated status for letter Va (ID: 405)
[2025-05-21 05:14:40] Processing letter code: Vd (ID: 406) - Attempt 1
[2025-05-21 05:14:43] Found 1 players for letter code Vd
[2025-05-21 05:14:43] Updated status for letter Vd (ID: 406)
[2025-05-21 05:14:43] Processing letter code: Ve (ID: 407) - Attempt 1
[2025-05-21 05:15:05] Found 1199 players for letter code Ve
[2025-05-21 05:15:05] Updated status for letter Ve (ID: 407)
[2025-05-21 05:15:05] Processing letter code: Vi (ID: 408) - Attempt 1
[2025-05-21 05:15:34] Found 1633 players for letter code Vi
[2025-05-21 05:15:34] Updated status for letter Vi (ID: 408)
[2025-05-21 05:15:34] Processing letter code: Vj (ID: 409) - Attempt 1
[2025-05-21 05:15:38] Found 1 players for letter code Vj
[2025-05-21 05:15:38] Updated status for letter Vj (ID: 409)
[2025-05-21 05:15:38] Processing letter code: Vl (ID: 410) - Attempt 1
[2025-05-21 05:15:43] Found 123 players for letter code Vl
[2025-05-21 05:15:43] Updated status for letter Vl (ID: 410)
[2025-05-21 05:15:43] Processing letter code: Vo (ID: 411) - Attempt 1
[2025-05-21 05:15:54] Found 480 players for letter code Vo
[2025-05-21 05:15:54] Updated status for letter Vo (ID: 411)
[2025-05-21 05:15:54] Processing letter code: Vp (ID: 412) - Attempt 1
[2025-05-21 05:15:57] Found 1 players for letter code Vp
[2025-05-21 05:15:57] Updated status for letter Vp (ID: 412)
[2025-05-21 05:15:57] Processing letter code: Vr (ID: 413) - Attempt 1
[2025-05-21 05:16:03] Found 115 players for letter code Vr
[2025-05-21 05:16:03] Updated status for letter Vr (ID: 413)
[2025-05-21 05:16:03] Processing letter code: Vs (ID: 414) - Attempt 1
[2025-05-21 05:16:06] Found 1 players for letter code Vs
[2025-05-21 05:16:06] Updated status for letter Vs (ID: 414)
[2025-05-21 05:16:06] Processing letter code: Vu (ID: 415) - Attempt 1
[2025-05-21 05:16:13] Found 232 players for letter code Vu
[2025-05-21 05:16:13] Updated status for letter Vu (ID: 415)
[2025-05-21 05:16:13] Processing letter code: Vy (ID: 416) - Attempt 1
[2025-05-21 05:16:18] Found 30 players for letter code Vy
[2025-05-21 05:16:18] Updated status for letter Vy (ID: 416)
[2025-05-21 05:16:18] Processing letter code: Wa (ID: 417) - Attempt 1
[2025-05-21 05:16:42] Found 1345 players for letter code Wa
[2025-05-21 05:16:42] Updated status for letter Wa (ID: 417)
[2025-05-21 05:16:42] Successfully saved 7448 players to database
[2025-05-21 05:16:42] load_player executed successfully
[2025-05-21 09:09:56] Processing 0 player codes
[2025-05-21 09:09:56] No unprocessed player codes found
